<?xml version="1.0" encoding="UTF-8"?>
<testsuite xmlns:xsi="http://www.w3.org/2001/XMLSchema-instance" xsi:noNamespaceSchemaLocation="https://maven.apache.org/surefire/maven-surefire-plugin/xsd/surefire-test-report-3.0.xsd" version="3.0" name="motionwave.core.SongTest" time="0.146" tests="8" errors="0" skipped="0" failures="0">
  <properties>
[...]
</properties>
  <testcase name="fileTypeTest" classname="motionwave.core.SongTest" time="0.079">
    <system-out><![CDATA[Reading file: C:\Users\neves\Documents\MEGA\MotionWave\src\main\resources\wash away\08 - hello euphoria - outside.flac
]]></system-out>
    <system-err><![CDATA[abr. 16, 2025 10:28:02 DA TARDE org.jaudiotagger.audio.flac.FlacInfoReader read
INFO: C:\Users\neves\Documents\MEGA\MotionWave\src\main\resources\wash away\08 - hello euphoria - outside.flac StartByte:4 BlockType:STREAMINFO DataLength:34 isLastBlock:false
abr. 16, 2025 10:28:02 DA TARDE org.jaudiotagger.audio.flac.FlacInfoReader read
INFO: C:\Users\neves\Documents\MEGA\MotionWave\src\main\resources\wash away\08 - hello euphoria - outside.flac StartByte:42 BlockType:VORBIS_COMMENT DataLength:259 isLastBlock:false
abr. 16, 2025 10:28:02 DA TARDE org.jaudiotagger.audio.flac.FlacInfoReader read
INFO: C:\Users\neves\Documents\MEGA\MotionWave\src\main\resources\wash away\08 - hello euphoria - outside.flac StartByte:305 BlockType:SEEKTABLE DataLength:198 isLastBlock:false
abr. 16, 2025 10:28:02 DA TARDE org.jaudiotagger.audio.flac.FlacInfoReader read
INFO: C:\Users\neves\Documents\MEGA\MotionWave\src\main\resources\wash away\08 - hello euphoria - outside.flac StartByte:507 BlockType:PADDING DataLength:8193 isLastBlock:true
]]></system-err>
  </testcase>
  <testcase name="durationTest" classname="motionwave.core.SongTest" time="0.002">
    <system-out><![CDATA[Reading file: C:\Users\neves\Documents\MEGA\MotionWave\src\main\resources\wash away\08 - hello euphoria - outside.flac
]]></system-out>
    <system-err><![CDATA[abr. 16, 2025 10:28:03 DA TARDE org.jaudiotagger.audio.flac.FlacInfoReader read
INFO: C:\Users\neves\Documents\MEGA\MotionWave\src\main\resources\wash away\08 - hello euphoria - outside.flac StartByte:4 BlockType:STREAMINFO DataLength:34 isLastBlock:false
abr. 16, 2025 10:28:03 DA TARDE org.jaudiotagger.audio.flac.FlacInfoReader read
INFO: C:\Users\neves\Documents\MEGA\MotionWave\src\main\resources\wash away\08 - hello euphoria - outside.flac StartByte:42 BlockType:VORBIS_COMMENT DataLength:259 isLastBlock:false
abr. 16, 2025 10:28:03 DA TARDE org.jaudiotagger.audio.flac.FlacInfoReader read
INFO: C:\Users\neves\Documents\MEGA\MotionWave\src\main\resources\wash away\08 - hello euphoria - outside.flac StartByte:305 BlockType:SEEKTABLE DataLength:198 isLastBlock:false
abr. 16, 2025 10:28:03 DA TARDE org.jaudiotagger.audio.flac.FlacInfoReader read
INFO: C:\Users\neves\Documents\MEGA\MotionWave\src\main\resources\wash away\08 - hello euphoria - outside.flac StartByte:507 BlockType:PADDING DataLength:8193 isLastBlock:true
]]></system-err>
  </testcase>
  <testcase name="yearTest" classname="motionwave.core.SongTest" time="0.002">
    <system-out><![CDATA[Reading file: C:\Users\neves\Documents\MEGA\MotionWave\src\main\resources\wash away\08 - hello euphoria - outside.flac
]]></system-out>
    <system-err><![CDATA[abr. 16, 2025 10:28:03 DA TARDE org.jaudiotagger.audio.flac.FlacInfoReader read
INFO: C:\Users\neves\Documents\MEGA\MotionWave\src\main\resources\wash away\08 - hello euphoria - outside.flac StartByte:4 BlockType:STREAMINFO DataLength:34 isLastBlock:false
abr. 16, 2025 10:28:03 DA TARDE org.jaudiotagger.audio.flac.FlacInfoReader read
INFO: C:\Users\neves\Documents\MEGA\MotionWave\src\main\resources\wash away\08 - hello euphoria - outside.flac StartByte:42 BlockType:VORBIS_COMMENT DataLength:259 isLastBlock:false
abr. 16, 2025 10:28:03 DA TARDE org.jaudiotagger.audio.flac.FlacInfoReader read
INFO: C:\Users\neves\Documents\MEGA\MotionWave\src\main\resources\wash away\08 - hello euphoria - outside.flac StartByte:305 BlockType:SEEKTABLE DataLength:198 isLastBlock:false
abr. 16, 2025 10:28:03 DA TARDE org.jaudiotagger.audio.flac.FlacInfoReader read
INFO: C:\Users\neves\Documents\MEGA\MotionWave\src\main\resources\wash away\08 - hello euphoria - outside.flac StartByte:507 BlockType:PADDING DataLength:8193 isLastBlock:true
]]></system-err>
  </testcase>
  <testcase name="albumTest" classname="motionwave.core.SongTest" time="0.003">
    <system-out><![CDATA[Reading file: C:\Users\neves\Documents\MEGA\MotionWave\src\main\resources\wash away\08 - hello euphoria - outside.flac
]]></system-out>
    <system-err><![CDATA[abr. 16, 2025 10:28:03 DA TARDE org.jaudiotagger.audio.flac.FlacInfoReader read
INFO: C:\Users\neves\Documents\MEGA\MotionWave\src\main\resources\wash away\08 - hello euphoria - outside.flac StartByte:4 BlockType:STREAMINFO DataLength:34 isLastBlock:false
abr. 16, 2025 10:28:03 DA TARDE org.jaudiotagger.audio.flac.FlacInfoReader read
INFO: C:\Users\neves\Documents\MEGA\MotionWave\src\main\resources\wash away\08 - hello euphoria - outside.flac StartByte:42 BlockType:VORBIS_COMMENT DataLength:259 isLastBlock:false
abr. 16, 2025 10:28:03 DA TARDE org.jaudiotagger.audio.flac.FlacInfoReader read
INFO: C:\Users\neves\Documents\MEGA\MotionWave\src\main\resources\wash away\08 - hello euphoria - outside.flac StartByte:305 BlockType:SEEKTABLE DataLength:198 isLastBlock:false
abr. 16, 2025 10:28:03 DA TARDE org.jaudiotagger.audio.flac.FlacInfoReader read
INFO: C:\Users\neves\Documents\MEGA\MotionWave\src\main\resources\wash away\08 - hello euphoria - outside.flac StartByte:507 BlockType:PADDING DataLength:8193 isLastBlock:true
]]></system-err>
  </testcase>
  <testcase name="artistTest" classname="motionwave.core.SongTest" time="0.003">
    <system-out><![CDATA[Reading file: C:\Users\neves\Documents\MEGA\MotionWave\src\main\resources\wash away\08 - hello euphoria - outside.flac
]]></system-out>
    <system-err><![CDATA[abr. 16, 2025 10:28:03 DA TARDE org.jaudiotagger.audio.flac.FlacInfoReader read
INFO: C:\Users\neves\Documents\MEGA\MotionWave\src\main\resources\wash away\08 - hello euphoria - outside.flac StartByte:4 BlockType:STREAMINFO DataLength:34 isLastBlock:false
abr. 16, 2025 10:28:03 DA TARDE org.jaudiotagger.audio.flac.FlacInfoReader read
INFO: C:\Users\neves\Documents\MEGA\MotionWave\src\main\resources\wash away\08 - hello euphoria - outside.flac StartByte:42 BlockType:VORBIS_COMMENT DataLength:259 isLastBlock:false
abr. 16, 2025 10:28:03 DA TARDE org.jaudiotagger.audio.flac.FlacInfoReader read
INFO: C:\Users\neves\Documents\MEGA\MotionWave\src\main\resources\wash away\08 - hello euphoria - outside.flac StartByte:305 BlockType:SEEKTABLE DataLength:198 isLastBlock:false
abr. 16, 2025 10:28:03 DA TARDE org.jaudiotagger.audio.flac.FlacInfoReader read
INFO: C:\Users\neves\Documents\MEGA\MotionWave\src\main\resources\wash away\08 - hello euphoria - outside.flac StartByte:507 BlockType:PADDING DataLength:8193 isLastBlock:true
]]></system-err>
  </testcase>
  <testcase name="genreTest" classname="motionwave.core.SongTest" time="0.003">
    <system-out><![CDATA[Reading file: C:\Users\neves\Documents\MEGA\MotionWave\src\main\resources\wash away\08 - hello euphoria - outside.flac
]]></system-out>
    <system-err><![CDATA[abr. 16, 2025 10:28:03 DA TARDE org.jaudiotagger.audio.flac.FlacInfoReader read
INFO: C:\Users\neves\Documents\MEGA\MotionWave\src\main\resources\wash away\08 - hello euphoria - outside.flac StartByte:4 BlockType:STREAMINFO DataLength:34 isLastBlock:false
abr. 16, 2025 10:28:03 DA TARDE org.jaudiotagger.audio.flac.FlacInfoReader read
INFO: C:\Users\neves\Documents\MEGA\MotionWave\src\main\resources\wash away\08 - hello euphoria - outside.flac StartByte:42 BlockType:VORBIS_COMMENT DataLength:259 isLastBlock:false
abr. 16, 2025 10:28:03 DA TARDE org.jaudiotagger.audio.flac.FlacInfoReader read
INFO: C:\Users\neves\Documents\MEGA\MotionWave\src\main\resources\wash away\08 - hello euphoria - outside.flac StartByte:305 BlockType:SEEKTABLE DataLength:198 isLastBlock:false
abr. 16, 2025 10:28:03 DA TARDE org.jaudiotagger.audio.flac.FlacInfoReader read
INFO: C:\Users\neves\Documents\MEGA\MotionWave\src\main\resources\wash away\08 - hello euphoria - outside.flac StartByte:507 BlockType:PADDING DataLength:8193 isLastBlock:true
]]></system-err>
  </testcase>
  <testcase name="trackNumberTest" classname="motionwave.core.SongTest" time="0.003">
    <system-out><![CDATA[Reading file: C:\Users\neves\Documents\MEGA\MotionWave\src\main\resources\wash away\08 - hello euphoria - outside.flac
]]></system-out>
    <system-err><![CDATA[abr. 16, 2025 10:28:03 DA TARDE org.jaudiotagger.audio.flac.FlacInfoReader read
INFO: C:\Users\neves\Documents\MEGA\MotionWave\src\main\resources\wash away\08 - hello euphoria - outside.flac StartByte:4 BlockType:STREAMINFO DataLength:34 isLastBlock:false
abr. 16, 2025 10:28:03 DA TARDE org.jaudiotagger.audio.flac.FlacInfoReader read
INFO: C:\Users\neves\Documents\MEGA\MotionWave\src\main\resources\wash away\08 - hello euphoria - outside.flac StartByte:42 BlockType:VORBIS_COMMENT DataLength:259 isLastBlock:false
abr. 16, 2025 10:28:03 DA TARDE org.jaudiotagger.audio.flac.FlacInfoReader read
INFO: C:\Users\neves\Documents\MEGA\MotionWave\src\main\resources\wash away\08 - hello euphoria - outside.flac StartByte:305 BlockType:SEEKTABLE DataLength:198 isLastBlock:false
abr. 16, 2025 10:28:03 DA TARDE org.jaudiotagger.audio.flac.FlacInfoReader read
INFO: C:\Users\neves\Documents\MEGA\MotionWave\src\main\resources\wash away\08 - hello euphoria - outside.flac StartByte:507 BlockType:PADDING DataLength:8193 isLastBlock:true
]]></system-err>
  </testcase>
  <testcase name="nameTest" classname="motionwave.core.SongTest" time="0.003">
    <system-out><![CDATA[Reading file: C:\Users\neves\Documents\MEGA\MotionWave\src\main\resources\wash away\08 - hello euphoria - outside.flac
]]></system-out>
    <system-err><![CDATA[abr. 16, 2025 10:28:03 DA TARDE org.jaudiotagger.audio.flac.FlacInfoReader read
INFO: C:\Users\neves\Documents\MEGA\MotionWave\src\main\resources\wash away\08 - hello euphoria - outside.flac StartByte:4 BlockType:STREAMINFO DataLength:34 isLastBlock:false
abr. 16, 2025 10:28:03 DA TARDE org.jaudiotagger.audio.flac.FlacInfoReader read
INFO: C:\Users\neves\Documents\MEGA\MotionWave\src\main\resources\wash away\08 - hello euphoria - outside.flac StartByte:42 BlockType:VORBIS_COMMENT DataLength:259 isLastBlock:false
abr. 16, 2025 10:28:03 DA TARDE org.jaudiotagger.audio.flac.FlacInfoReader read
INFO: C:\Users\neves\Documents\MEGA\MotionWave\src\main\resources\wash away\08 - hello euphoria - outside.flac StartByte:305 BlockType:SEEKTABLE DataLength:198 isLastBlock:false
abr. 16, 2025 10:28:03 DA TARDE org.jaudiotagger.audio.flac.FlacInfoReader read
INFO: C:\Users\neves\Documents\MEGA\MotionWave\src\main\resources\wash away\08 - hello euphoria - outside.flac StartByte:507 BlockType:PADDING DataLength:8193 isLastBlock:true
]]></system-err>
  </testcase>
</testsuite>